[17/05/24 10:33:16.914][ INFO][com.util.Util                      -72   ] - Util() start
[17/05/24 10:33:16.920][ INFO][com.util.Util                      -76   ] - Util - YourProjectName version: v1.0.0
[17/05/24 10:33:16.920][ INFO][com.util.Util                      -77   ] - Util() end
[17/05/24 10:33:17.729][ INFO][com.spring.StartApplication        -30   ] - Util.getVersion(): 
[17/05/24 10:36:44.550][ INFO][com.spring.StartListener           -31   ] - contextInitialized Start###################
[17/05/24 10:36:44.555][ INFO][com.spring.StartListener           -38   ] - SpringContextHolder is org.springframework.boot.context.embedded.AnnotationConfigEmbeddedWebApplicationContext@6c9f5c0d: startup date [Wed May 24 10:36:41 CST 2017]; root of context hierarchy
[17/05/24 10:36:44.557][ INFO][com.spring.StartListener           -41   ] - contextInitialized End###################
[17/05/24 10:36:44.625][ INFO][com.util.Util                      -72   ] - Util() start
[17/05/24 10:36:44.626][ INFO][com.util.Util                      -76   ] - Util - YourProjectName version: v1.0.0
[17/05/24 10:36:44.626][ INFO][com.util.Util                      -77   ] - Util() end
[17/05/24 10:44:17.717][ INFO][com.spring.StartListener           -31   ] - contextInitialized Start###################
[17/05/24 10:44:17.722][ INFO][com.spring.StartListener           -38   ] - SpringContextHolder is org.springframework.boot.context.embedded.AnnotationConfigEmbeddedWebApplicationContext@6c9f5c0d: startup date [Wed May 24 10:44:15 CST 2017]; root of context hierarchy
[17/05/24 10:44:17.722][ INFO][com.spring.StartListener           -41   ] - contextInitialized End###################
[17/05/24 10:44:17.785][ INFO][com.util.Util                      -72   ] - Util() start
[17/05/24 10:44:17.786][ INFO][com.util.Util                      -76   ] - Util - YourProjectName version: v1.0.0
[17/05/24 10:44:17.786][ INFO][com.util.Util                      -77   ] - Util() end
[17/05/24 11:05:09.055][ INFO][com.spring.StartListener           -31   ] - contextInitialized Start###################
[17/05/24 11:05:09.060][ INFO][com.spring.StartListener           -38   ] - SpringContextHolder is org.springframework.boot.context.embedded.AnnotationConfigEmbeddedWebApplicationContext@6c9f5c0d: startup date [Wed May 24 11:05:06 CST 2017]; root of context hierarchy
[17/05/24 11:05:09.060][ INFO][com.spring.StartListener           -41   ] - contextInitialized End###################
[17/05/24 11:05:09.142][ INFO][com.util.Util                      -72   ] - Util() start
[17/05/24 11:05:09.145][ INFO][com.util.Util                      -76   ] - Util - YourProjectName version: v1.0.0
[17/05/24 11:05:09.145][ INFO][com.util.Util                      -77   ] - Util() end
[17/05/24 11:10:04.139][ INFO][com.spring.StartListener           -31   ] - contextInitialized Start###################
[17/05/24 11:10:04.145][ INFO][com.spring.StartListener           -38   ] - SpringContextHolder is org.springframework.boot.context.embedded.AnnotationConfigEmbeddedWebApplicationContext@6c9f5c0d: startup date [Wed May 24 11:10:01 CST 2017]; root of context hierarchy
[17/05/24 11:10:04.146][ INFO][com.spring.StartListener           -41   ] - contextInitialized End###################
[17/05/24 11:10:04.218][ INFO][com.util.Util                      -72   ] - Util() start
[17/05/24 11:10:04.218][ INFO][com.util.Util                      -76   ] - Util - YourProjectName version: v1.0.0
[17/05/24 11:10:04.218][ INFO][com.util.Util                      -77   ] - Util() end
[17/05/24 11:10:22.946][ INFO][com.spring.StartListener           -31   ] - contextInitialized Start###################
[17/05/24 11:10:22.951][ INFO][com.spring.StartListener           -38   ] - SpringContextHolder is org.springframework.boot.context.embedded.AnnotationConfigEmbeddedWebApplicationContext@6c9f5c0d: startup date [Wed May 24 11:10:19 CST 2017]; root of context hierarchy
[17/05/24 11:10:22.951][ INFO][com.spring.StartListener           -41   ] - contextInitialized End###################
[17/05/24 11:10:23.026][ INFO][com.util.Util                      -72   ] - Util() start
[17/05/24 11:10:23.027][ INFO][com.util.Util                      -76   ] - Util - YourProjectName version: v1.0.0
[17/05/24 11:10:23.027][ INFO][com.util.Util                      -77   ] - Util() end
[17/05/24 11:12:50.018][ INFO][com.spring.StartListener           -31   ] - contextInitialized Start###################
[17/05/24 11:12:50.024][ INFO][com.spring.StartListener           -38   ] - SpringContextHolder is org.springframework.boot.context.embedded.AnnotationConfigEmbeddedWebApplicationContext@6c9f5c0d: startup date [Wed May 24 11:12:47 CST 2017]; root of context hierarchy
[17/05/24 11:12:50.025][ INFO][com.spring.StartListener           -41   ] - contextInitialized End###################
[17/05/24 11:12:50.112][ INFO][com.util.Util                      -72   ] - Util() start
[17/05/24 11:12:50.113][ INFO][com.util.Util                      -76   ] - Util - YourProjectName version: v1.0.0
[17/05/24 11:12:50.113][ INFO][com.util.Util                      -77   ] - Util() end
[17/05/24 11:13:42.732][ INFO][com.spring.StartListener           -31   ] - contextInitialized Start###################
[17/05/24 11:13:42.739][ INFO][com.spring.StartListener           -38   ] - SpringContextHolder is org.springframework.boot.context.embedded.AnnotationConfigEmbeddedWebApplicationContext@6c9f5c0d: startup date [Wed May 24 11:13:40 CST 2017]; root of context hierarchy
[17/05/24 11:13:42.740][ INFO][com.spring.StartListener           -41   ] - contextInitialized End###################
[17/05/24 11:13:42.815][ INFO][com.util.Util                      -72   ] - Util() start
[17/05/24 11:13:42.816][ INFO][com.util.Util                      -76   ] - Util - YourProjectName version: v1.0.0
[17/05/24 11:13:42.816][ INFO][com.util.Util                      -77   ] - Util() end
[17/05/24 11:15:52.729][ INFO][com.spring.StartListener           -31   ] - contextInitialized Start###################
[17/05/24 11:15:52.733][ INFO][com.spring.StartListener           -38   ] - SpringContextHolder is org.springframework.boot.context.embedded.AnnotationConfigEmbeddedWebApplicationContext@530612ba: startup date [Wed May 24 11:15:49 CST 2017]; root of context hierarchy
[17/05/24 11:15:52.734][ INFO][com.spring.StartListener           -41   ] - contextInitialized End###################
[17/05/24 11:15:52.796][ INFO][com.util.Util                      -72   ] - Util() start
[17/05/24 11:15:52.796][ INFO][com.util.Util                      -76   ] - Util - YourProjectName version: v1.0.0
[17/05/24 11:15:52.796][ INFO][com.util.Util                      -77   ] - Util() end
[17/05/24 11:18:55.234][ INFO][com.spring.StartListener           -31   ] - contextInitialized Start###################
[17/05/24 11:18:55.239][ INFO][com.spring.StartListener           -38   ] - SpringContextHolder is org.springframework.boot.context.embedded.AnnotationConfigEmbeddedWebApplicationContext@530612ba: startup date [Wed May 24 11:18:52 CST 2017]; root of context hierarchy
[17/05/24 11:18:55.240][ INFO][com.spring.StartListener           -41   ] - contextInitialized End###################
[17/05/24 11:18:55.292][ INFO][com.util.Util                      -72   ] - Util() start
[17/05/24 11:18:55.292][ INFO][com.util.Util                      -76   ] - Util - YourProjectName version: v1.0.0
[17/05/24 11:18:55.292][ INFO][com.util.Util                      -77   ] - Util() end
<<<<<<< HEAD
[17/05/25 21:48:49.137][ INFO][com.spring.StartListener           -31   ] - contextInitialized Start###################
[17/05/25 21:48:49.145][ INFO][com.spring.StartListener           -38   ] - SpringContextHolder is org.springframework.boot.context.embedded.AnnotationConfigEmbeddedWebApplicationContext@530612ba: startup date [Thu May 25 21:48:45 CST 2017]; root of context hierarchy
[17/05/25 21:48:49.145][ INFO][com.spring.StartListener           -41   ] - contextInitialized End###################
[17/05/25 21:48:49.211][ INFO][com.util.Util                      -72   ] - Util() start
[17/05/25 21:48:49.211][ INFO][com.util.Util                      -76   ] - Util - YourProjectName version: v1.0.0
[17/05/25 21:48:49.211][ INFO][com.util.Util                      -77   ] - Util() end
[17/06/06 16:35:58.532][ INFO][com.spring.StartListener           -31   ] - contextInitialized Start###################
[17/06/06 16:35:58.551][ INFO][com.spring.StartListener           -38   ] - SpringContextHolder is org.springframework.boot.context.embedded.AnnotationConfigEmbeddedWebApplicationContext@530612ba: startup date [Tue Jun 06 16:35:55 CST 2017]; root of context hierarchy
[17/06/06 16:35:58.551][ INFO][com.spring.StartListener           -41   ] - contextInitialized End###################
[17/06/06 16:35:58.601][ INFO][com.util.Util                      -72   ] - Util() start
[17/06/06 16:35:58.601][ INFO][com.util.Util                      -76   ] - Util - YourProjectName version: v1.0.0
[17/06/06 16:35:58.601][ INFO][com.util.Util                      -77   ] - Util() end
=======
[17/06/15 21:28:09.050][ INFO][com.util.Util                      -72   ] - Util() start
[17/06/15 21:28:09.054][ INFO][com.util.Util                      -76   ] - Util - YourProjectName version: v1.0.0
[17/06/15 21:28:09.055][ INFO][com.util.Util                      -77   ] - Util() end
[17/06/15 21:29:15.557][ INFO][com.util.Util                      -72   ] - Util() start
[17/06/15 21:29:15.560][ INFO][com.util.Util                      -76   ] - Util - YourProjectName version: v1.0.0
[17/06/15 21:29:15.561][ INFO][com.util.Util                      -77   ] - Util() end
[17/06/15 21:30:06.831][ INFO][com.util.Util                      -72   ] - Util() start
[17/06/15 21:30:06.836][ INFO][com.util.Util                      -76   ] - Util - YourProjectName version: v1.0.0
[17/06/15 21:30:06.836][ INFO][com.util.Util                      -77   ] - Util() end
[17/06/15 21:30:07.726][ INFO][com.bean.ApplicationListenerBean   -16   ] - ContextRefreshedEvent start ###################
[17/06/15 21:30:07.726][ INFO][com.bean.ApplicationListenerBean   -19   ] - ContextRefreshedEvent end ###################
[17/06/15 21:31:54.006][ INFO][com.util.Util                      -61   ] - Util() start
[17/06/15 21:31:54.011][ INFO][com.util.Util                      -65   ] - Util - YourProjectName version: v1.0.0
[17/06/15 21:31:54.011][ INFO][com.util.Util                      -66   ] - Util() end
[17/06/15 21:31:54.655][ INFO][com.bean.ApplicationListenerBean   -16   ] - ContextRefreshedEvent start ###################
[17/06/15 21:31:54.655][ INFO][com.bean.ApplicationListenerBean   -19   ] - ContextRefreshedEvent end ###################
[17/06/15 21:39:06.216][ INFO][com.util.Util                      -48   ] - Util() start
[17/06/15 21:39:06.220][ INFO][com.util.Util                      -52   ] - Util - YourProjectName version: v1.0.0
[17/06/15 21:39:06.220][ INFO][com.util.Util                      -53   ] - Util() end
[17/06/15 21:39:48.460][ INFO][com.util.Util                      -49   ] - Util() start
[17/06/15 21:39:48.467][ INFO][com.util.Util                      -53   ] - Util - YourProjectName version: v1.0.0
[17/06/15 21:39:48.467][ INFO][com.util.Util                      -54   ] - Util() end
[17/06/15 21:39:49.548][ INFO][com.bean.ApplicationListenerBean   -16   ] - ContextRefreshedEvent start ###################
[17/06/15 21:39:49.549][ INFO][com.bean.ApplicationListenerBean   -19   ] - ContextRefreshedEvent end ###################
>>>>>>> branch 'master' of https://github.com/uopsdod/Spring-boot-myTemplate.git
[17/07/07 13:37:36.035][ INFO][com.util.Util                      -51   ] - Util() start
[17/07/07 13:37:36.042][ INFO][com.util.Util                      -54   ] - Util - YourProjectName version: v1.0.0
[17/07/07 13:37:36.042][ INFO][com.util.Util                      -55   ] - Util() end
[17/07/07 13:37:36.775][ INFO][com.bean.ApplicationListenerBean   -17   ] - ContextRefreshedEvent start ###################
[17/07/07 13:37:36.776][ INFO][com.bean.ApplicationListenerBean   -20   ] - ContextRefreshedEvent end ###################
[17/07/07 13:37:36.866][ INFO][com.bean.ApplicationListenerBean   -25   ] - ContextClosedEvent start ###################
[17/07/07 13:37:36.867][ INFO][com.bean.ApplicationListenerBean   -28   ] - ContextClosedEvent end ###################
[17/07/07 13:38:32.086][ INFO][com.util.Util                      -51   ] - Util() start
[17/07/07 13:38:32.090][ INFO][com.util.Util                      -54   ] - Util - YourProjectName version: v1.0.0
[17/07/07 13:38:32.090][ INFO][com.util.Util                      -55   ] - Util() end
[17/07/07 13:38:32.958][ INFO][com.bean.ApplicationListenerBean   -17   ] - ContextRefreshedEvent start ###################
[17/07/07 13:38:32.960][ INFO][com.bean.ApplicationListenerBean   -20   ] - ContextRefreshedEvent end ###################
[18/03/11 18:30:24.842][ INFO][com.util.Util                      -51   ] - Util() start
[18/03/11 18:30:24.851][ INFO][com.util.Util                      -54   ] - Util - YourProjectName version: v1.0.0
[18/03/11 18:30:24.852][ INFO][com.util.Util                      -55   ] - Util() end
[18/03/11 18:30:26.225][ INFO][com.bean.ApplicationListenerBean   -17   ] - ContextRefreshedEvent start ###################
[18/03/11 18:30:26.229][ INFO][com.bean.ApplicationListenerBean   -20   ] - ContextRefreshedEvent end ###################
[18/03/11 18:45:47.127][ INFO][com.util.Util                      -51   ] - Util() start
[18/03/11 18:45:47.141][ INFO][com.util.Util                      -54   ] - Util - YourProjectName version: v1.0.0
[18/03/11 18:45:47.141][ INFO][com.util.Util                      -55   ] - Util() end
[18/03/11 18:45:48.648][ INFO][com.bean.ApplicationListenerBean   -17   ] - ContextRefreshedEvent start ###################
[18/03/11 18:45:48.648][ INFO][com.bean.ApplicationListenerBean   -20   ] - ContextRefreshedEvent end ###################
[18/03/11 18:47:06.994][ INFO][com.util.Util                      -51   ] - Util() start
[18/03/11 18:47:07.009][ INFO][com.util.Util                      -54   ] - Util - YourProjectName version: v1.0.0
[18/03/11 18:47:07.009][ INFO][com.util.Util                      -55   ] - Util() end
[18/03/11 18:47:08.567][ INFO][com.bean.ApplicationListenerBean   -17   ] - ContextRefreshedEvent start ###################
[18/03/11 18:47:08.568][ INFO][com.bean.ApplicationListenerBean   -20   ] - ContextRefreshedEvent end ###################
[18/03/11 18:51:14.899][ INFO][com.util.Util                      -51   ] - Util() start
[18/03/11 18:51:14.904][ INFO][com.util.Util                      -54   ] - Util - YourProjectName version: v1.0.0
[18/03/11 18:51:14.904][ INFO][com.util.Util                      -55   ] - Util() end
[18/03/11 18:51:16.167][ INFO][com.bean.ApplicationListenerBean   -22   ] - ContextRefreshedEvent start ###################
[18/03/11 18:51:17.009][ INFO][com.bean.ApplicationListenerBean   -41   ] - ContextRefreshedEvent end ###################
[18/03/11 19:34:30.231][ INFO][com.util.Util                      -51   ] - Util() start
[18/03/11 19:34:30.237][ INFO][com.util.Util                      -54   ] - Util - YourProjectName version: v1.0.0
[18/03/11 19:34:30.238][ INFO][com.util.Util                      -55   ] - Util() end
[18/03/11 19:34:31.258][ INFO][com.bean.ApplicationListenerBean   -29   ] - ContextRefreshedEvent start ###################
[18/03/11 19:34:33.591][ INFO][com.bean.ApplicationListenerBean   -60   ] - ContextRefreshedEvent end ###################
[18/03/11 19:35:24.415][ INFO][com.util.Util                      -51   ] - Util() start
[18/03/11 19:35:24.421][ INFO][com.util.Util                      -54   ] - Util - YourProjectName version: v1.0.0
[18/03/11 19:35:24.421][ INFO][com.util.Util                      -55   ] - Util() end
[18/03/11 19:35:26.276][ INFO][com.bean.ApplicationListenerBean   -29   ] - ContextRefreshedEvent start ###################
[18/03/11 19:35:29.624][ INFO][com.bean.ApplicationListenerBean   -60   ] - ContextRefreshedEvent end ###################
[18/03/11 19:37:35.492][ INFO][com.util.Util                      -51   ] - Util() start
[18/03/11 19:37:35.496][ INFO][com.util.Util                      -54   ] - Util - YourProjectName version: v1.0.0
[18/03/11 19:37:35.496][ INFO][com.util.Util                      -55   ] - Util() end
[18/03/11 19:37:36.899][ INFO][com.bean.ApplicationListenerBean   -29   ] - ContextRefreshedEvent start ###################
[18/03/11 19:37:40.918][ INFO][com.bean.ApplicationListenerBean   -60   ] - ContextRefreshedEvent end ###################
[18/03/11 19:38:49.481][ INFO][com.util.Util                      -51   ] - Util() start
[18/03/11 19:38:49.489][ INFO][com.util.Util                      -54   ] - Util - YourProjectName version: v1.0.0
[18/03/11 19:38:49.489][ INFO][com.util.Util                      -55   ] - Util() end
[18/03/11 19:38:49.739][ INFO][com.util.Util                      -51   ] - Util() start
[18/03/11 19:38:49.746][ INFO][com.util.Util                      -54   ] - Util - YourProjectName version: v1.0.0
[18/03/11 19:38:49.747][ INFO][com.util.Util                      -55   ] - Util() end
[18/03/11 19:38:58.139][ INFO][com.bean.ApplicationListenerBean   -29   ] - ContextRefreshedEvent start ###################
[18/03/11 19:38:58.853][ INFO][com.bean.ApplicationListenerBean   -29   ] - ContextRefreshedEvent start ###################
[18/03/11 19:39:01.359][ INFO][com.bean.ApplicationListenerBean   -60   ] - ContextRefreshedEvent end ###################
[18/03/11 19:39:01.430][ INFO][com.bean.ApplicationListenerBean   -60   ] - ContextRefreshedEvent end ###################
[18/03/11 19:39:01.560][ INFO][com.bean.ApplicationListenerBean   -65   ] - ContextClosedEvent start ###################
[18/03/11 19:39:01.560][ INFO][com.bean.ApplicationListenerBean   -68   ] - ContextClosedEvent end ###################
[18/03/11 19:39:22.426][ INFO][com.util.Util                      -51   ] - Util() start
[18/03/11 19:39:22.430][ INFO][com.util.Util                      -54   ] - Util - YourProjectName version: v1.0.0
[18/03/11 19:39:22.430][ INFO][com.util.Util                      -55   ] - Util() end
[18/03/11 19:39:23.417][ INFO][com.bean.ApplicationListenerBean   -29   ] - ContextRefreshedEvent start ###################
[18/03/11 19:39:26.337][ INFO][com.bean.ApplicationListenerBean   -60   ] - ContextRefreshedEvent end ###################
[18/03/11 19:53:22.361][ INFO][com.util.Util                      -51   ] - Util() start
[18/03/11 19:53:22.369][ INFO][com.util.Util                      -54   ] - Util - YourProjectName version: v1.0.0
[18/03/11 19:53:22.370][ INFO][com.util.Util                      -55   ] - Util() end
[18/03/11 19:53:23.963][ INFO][com.bean.ApplicationListenerBean   -29   ] - ContextRefreshedEvent start ###################
[18/03/11 19:53:29.044][ INFO][com.bean.ApplicationListenerBean   -60   ] - ContextRefreshedEvent end ###################
[18/03/11 19:53:56.034][ INFO][com.util.Util                      -51   ] - Util() start
[18/03/11 19:53:56.041][ INFO][com.util.Util                      -54   ] - Util - YourProjectName version: v1.0.0
[18/03/11 19:53:56.042][ INFO][com.util.Util                      -55   ] - Util() end
[18/03/11 19:53:57.662][ INFO][com.bean.ApplicationListenerBean   -29   ] - ContextRefreshedEvent start ###################
[18/03/11 19:54:02.652][ INFO][com.bean.ApplicationListenerBean   -60   ] - ContextRefreshedEvent end ###################
[18/03/11 19:55:22.971][ INFO][com.util.Util                      -51   ] - Util() start
[18/03/11 19:55:22.977][ INFO][com.util.Util                      -54   ] - Util - YourProjectName version: v1.0.0
[18/03/11 19:55:22.978][ INFO][com.util.Util                      -55   ] - Util() end
[18/03/11 19:55:24.322][ INFO][com.bean.ApplicationListenerBean   -29   ] - ContextRefreshedEvent start ###################
[18/03/11 19:55:26.941][ INFO][com.bean.ApplicationListenerBean   -60   ] - ContextRefreshedEvent end ###################
[18/03/11 20:01:23.605][ INFO][com.util.Util                      -51   ] - Util() start
[18/03/11 20:01:23.609][ INFO][com.util.Util                      -54   ] - Util - YourProjectName version: v1.0.0
[18/03/11 20:01:23.610][ INFO][com.util.Util                      -55   ] - Util() end
[18/03/11 20:01:24.638][ INFO][com.bean.ApplicationListenerBean   -29   ] - ContextRefreshedEvent start ###################
[18/03/11 20:01:26.899][ INFO][com.bean.ApplicationListenerBean   -60   ] - ContextRefreshedEvent end ###################
[18/03/11 20:08:37.707][ INFO][com.util.Util                      -51   ] - Util() start
[18/03/11 20:08:37.712][ INFO][com.util.Util                      -54   ] - Util - YourProjectName version: v1.0.0
[18/03/11 20:08:37.713][ INFO][com.util.Util                      -55   ] - Util() end
[18/03/11 20:08:39.851][ INFO][com.bean.ApplicationListenerBean   -29   ] - ContextRefreshedEvent start ###################
[18/03/11 20:08:42.564][ INFO][com.bean.ApplicationListenerBean   -60   ] - ContextRefreshedEvent end ###################
[18/03/11 20:30:20.878][ INFO][com.util.Util                      -51   ] - Util() start
[18/03/11 20:30:20.885][ INFO][com.util.Util                      -54   ] - Util - YourProjectName version: v1.0.0
[18/03/11 20:30:20.886][ INFO][com.util.Util                      -55   ] - Util() end
[18/03/11 20:30:22.228][ INFO][com.bean.ApplicationListenerBean   -29   ] - ContextRefreshedEvent start ###################
[18/03/11 20:30:25.180][ INFO][com.bean.ApplicationListenerBean   -60   ] - ContextRefreshedEvent end ###################
[18/03/11 20:37:00.190][ INFO][com.util.Util                      -51   ] - Util() start
[18/03/11 20:37:00.194][ INFO][com.util.Util                      -54   ] - Util - YourProjectName version: v1.0.0
[18/03/11 20:37:00.195][ INFO][com.util.Util                      -55   ] - Util() end
[18/03/11 20:37:01.193][ INFO][com.bean.ApplicationListenerBean   -29   ] - ContextRefreshedEvent start ###################
[18/03/11 20:37:04.633][ INFO][com.bean.ApplicationListenerBean   -60   ] - ContextRefreshedEvent end ###################
[18/03/11 20:39:45.895][ INFO][com.util.Util                      -51   ] - Util() start
[18/03/11 20:39:45.900][ INFO][com.util.Util                      -54   ] - Util - YourProjectName version: v1.0.0
[18/03/11 20:39:45.900][ INFO][com.util.Util                      -55   ] - Util() end
[18/03/11 20:39:47.300][ INFO][com.bean.ApplicationListenerBean   -29   ] - ContextRefreshedEvent start ###################
[18/03/11 20:39:51.096][ INFO][com.bean.ApplicationListenerBean   -65   ] - ContextClosedEvent start ###################
[18/03/11 20:39:51.096][ INFO][com.bean.ApplicationListenerBean   -68   ] - ContextClosedEvent end ###################
[18/03/11 20:40:09.468][ INFO][com.util.Util                      -51   ] - Util() start
[18/03/11 20:40:09.474][ INFO][com.util.Util                      -54   ] - Util - YourProjectName version: v1.0.0
[18/03/11 20:40:09.475][ INFO][com.util.Util                      -55   ] - Util() end
[18/03/11 20:40:10.895][ INFO][com.bean.ApplicationListenerBean   -29   ] - ContextRefreshedEvent start ###################
[18/03/11 20:40:13.843][ INFO][com.bean.ApplicationListenerBean   -65   ] - ContextClosedEvent start ###################
[18/03/11 20:40:13.844][ INFO][com.bean.ApplicationListenerBean   -68   ] - ContextClosedEvent end ###################
[18/03/11 20:43:03.883][ INFO][com.util.Util                      -51   ] - Util() start
[18/03/11 20:43:03.896][ INFO][com.util.Util                      -54   ] - Util - YourProjectName version: v1.0.0
[18/03/11 20:43:03.896][ INFO][com.util.Util                      -55   ] - Util() end
[18/03/11 20:43:05.321][ INFO][com.bean.ApplicationListenerBean   -29   ] - ContextRefreshedEvent start ###################
[18/03/11 20:43:09.848][ INFO][com.bean.ApplicationListenerBean   -60   ] - ContextRefreshedEvent end ###################
[18/03/11 20:44:44.640][ INFO][com.util.Util                      -51   ] - Util() start
[18/03/11 20:44:44.667][ INFO][com.util.Util                      -54   ] - Util - YourProjectName version: v1.0.0
[18/03/11 20:44:44.667][ INFO][com.util.Util                      -55   ] - Util() end
[18/03/11 20:44:46.187][ INFO][com.bean.ApplicationListenerBean   -29   ] - ContextRefreshedEvent start ###################
[18/03/11 20:44:51.424][ INFO][com.bean.ApplicationListenerBean   -60   ] - ContextRefreshedEvent end ###################
[18/03/11 20:45:37.628][ INFO][com.util.Util                      -51   ] - Util() start
[18/03/11 20:45:37.633][ INFO][com.util.Util                      -54   ] - Util - YourProjectName version: v1.0.0
[18/03/11 20:45:37.634][ INFO][com.util.Util                      -55   ] - Util() end
[18/03/11 20:45:39.181][ INFO][com.bean.ApplicationListenerBean   -29   ] - ContextRefreshedEvent start ###################
[18/03/11 20:45:42.614][ INFO][com.bean.ApplicationListenerBean   -60   ] - ContextRefreshedEvent end ###################
[18/03/11 20:48:11.280][ INFO][com.util.Util                      -51   ] - Util() start
[18/03/11 20:48:11.286][ INFO][com.util.Util                      -54   ] - Util - YourProjectName version: v1.0.0
[18/03/11 20:48:11.287][ INFO][com.util.Util                      -55   ] - Util() end
[18/03/11 20:48:12.778][ INFO][com.bean.ApplicationListenerBean   -29   ] - ContextRefreshedEvent start ###################
[18/03/11 20:48:17.807][ INFO][com.bean.ApplicationListenerBean   -60   ] - ContextRefreshedEvent end ###################
[18/03/11 20:49:13.845][ INFO][com.util.Util                      -51   ] - Util() start
[18/03/11 20:49:13.850][ INFO][com.util.Util                      -54   ] - Util - YourProjectName version: v1.0.0
[18/03/11 20:49:13.851][ INFO][com.util.Util                      -55   ] - Util() end
[18/03/11 20:49:15.222][ INFO][com.bean.ApplicationListenerBean   -29   ] - ContextRefreshedEvent start ###################
[18/03/11 20:49:19.006][ INFO][com.bean.ApplicationListenerBean   -60   ] - ContextRefreshedEvent end ###################
[18/03/11 20:53:35.929][ INFO][com.util.Util                      -51   ] - Util() start
[18/03/11 20:53:35.937][ INFO][com.util.Util                      -54   ] - Util - YourProjectName version: v1.0.0
[18/03/11 20:53:35.938][ INFO][com.util.Util                      -55   ] - Util() end
[18/03/11 20:53:37.408][ INFO][com.bean.ApplicationListenerBean   -29   ] - ContextRefreshedEvent start ###################
[18/03/11 20:53:41.547][ INFO][com.bean.ApplicationListenerBean   -60   ] - ContextRefreshedEvent end ###################
[18/03/11 20:54:37.856][ INFO][com.util.Util                      -51   ] - Util() start
[18/03/11 20:54:37.861][ INFO][com.util.Util                      -54   ] - Util - YourProjectName version: v1.0.0
[18/03/11 20:54:37.862][ INFO][com.util.Util                      -55   ] - Util() end
[18/03/11 20:54:39.207][ INFO][com.bean.ApplicationListenerBean   -29   ] - ContextRefreshedEvent start ###################
[18/03/11 20:54:42.144][ INFO][com.bean.ApplicationListenerBean   -60   ] - ContextRefreshedEvent end ###################
[18/03/11 21:01:34.893][ INFO][com.util.Util                      -51   ] - Util() start
[18/03/11 21:01:34.897][ INFO][com.util.Util                      -54   ] - Util - YourProjectName version: v1.0.0
[18/03/11 21:01:34.898][ INFO][com.util.Util                      -55   ] - Util() end
[18/03/11 21:01:36.553][ INFO][com.bean.ApplicationListenerBean   -25   ] - ContextRefreshedEvent start ###################
[18/03/11 21:01:41.621][ INFO][com.bean.ApplicationListenerBean   -56   ] - ContextRefreshedEvent end ###################
